<?xml version="1.0" encoding="UTF-8"?>
<testng-results ignored="0" total="1" passed="1" failed="0" skipped="0">
  <reporter-output>
  </reporter-output>
  <suite started-at="2022-04-08T17:59:22 IST" name="Default suite" finished-at="2022-04-08T18:00:44 IST" duration-ms="81951">
    <groups>
    </groups>
    <test started-at="2022-04-08T17:59:22 IST" name="Default test" finished-at="2022-04-08T18:00:44 IST" duration-ms="81951">
      <class name="EcommerceApp.Ecommerce_TC_001_Cloud_BrowserStack">
        <test-method signature="signUpRegistration()[pri:0, instance:EcommerceApp.Ecommerce_TC_001_Cloud_BrowserStack@2f217633]" started-at="2022-04-08T17:59:22 IST" name="signUpRegistration" finished-at="2022-04-08T18:00:44 IST" duration-ms="81910" status="PASS">
          <reporter-output>
          </reporter-output>
        </test-method> <!-- signUpRegistration -->
      </class> <!-- EcommerceApp.Ecommerce_TC_001_Cloud_BrowserStack -->
    </test> <!-- Default test -->
  </suite> <!-- Default suite -->
</testng-results>
